<?xml version="1.0" encoding="utf-8"?><testsuites><testsuite name="pytest" errors="0" failures="0" skipped="0" tests="6" time="0.113" timestamp="2023-05-17T19:31:22.184087" hostname="renan-Inspiron-5566"><testcase classname="tests.test_bytebank.Test_Class" name="test_quando_idade_recebe_1998_05_16_deve_retornar_24" time="0.003" /><testcase classname="tests.test_bytebank.Test_Class" name="test_quando_idade_recebe_1998_05_25_deve_retornar_25" time="0.003" /><testcase classname="tests.test_bytebank.Test_Class" name="test_quando_sobrenome_recebe_Renan_Gustavo_deve_retornar_Gustavo" time="0.001" /><testcase classname="tests.test_bytebank.Test_Class" name="test_quando_decrescimo_salario_recebe_100000_deve_retornar_900000" time="0.002" /><testcase classname="tests.test_bytebank.Test_Class" name="test_quando_calcular_bonus_recebe_1000_deve_retornar_100" time="0.002" /><testcase classname="tests.test_bytebank.Test_Class" name="test_quando_calcular_bonus_recebe_1000000_deve_retornar_exception" time="0.003" /></testsuite></testsuites>